*** Starting uWSGI 2.0.18 (64bit) on [Sun Apr 26 22:58:27 2020] ***
compiled with version: 9.3.0 on 26 April 2020 10:13:02
os: Linux-5.4.0-26-generic #30-Ubuntu SMP Mon Apr 20 16:58:30 UTC 2020
nodename: zurshak-server
machine: x86_64
clock source: unix
detected number of CPU cores: 2
current working directory: /
detected binary path: /usr/local/bin/uwsgi
!!! no internal routing support, rebuild with pcre support !!!
uWSGI running as root, you can use --uid/--gid/--chroot options
*** WARNING: you are running uWSGI as root !!! (use the --uid flag) *** 
*** WARNING: you are running uWSGI without its master process manager ***
your processes number limit is 13315
your memory page size is 4096 bytes
detected max file descriptor number: 1024
*** starting uWSGI Emperor ***
*** has_emperor mode detected (fd: 5) ***
[uWSGI] getting INI configuration from /home/zurshak/Invest/deployment/Tinkoff_uwsgi.ini
*** Starting uWSGI 2.0.18 (64bit) on [Sun Apr 26 22:58:27 2020] ***
compiled with version: 9.3.0 on 26 April 2020 10:13:02
os: Linux-5.4.0-26-generic #30-Ubuntu SMP Mon Apr 20 16:58:30 UTC 2020
nodename: zurshak-server
machine: x86_64
clock source: unix
detected number of CPU cores: 2
current working directory: /
detected binary path: /usr/local/bin/uwsgi
!!! no internal routing support, rebuild with pcre support !!!
uWSGI running as root, you can use --uid/--gid/--chroot options
*** WARNING: you are running uWSGI as root !!! (use the --uid flag) *** 
chdir() to /home/zurshak/Invest
your processes number limit is 13315
your memory page size is 4096 bytes
detected max file descriptor number: 1024
lock engine: pthread robust mutexes
thunder lock: disabled (you can enable it with --thunder-lock)
uwsgi socket 0 bound to UNIX address /home/zurshak/Invest/uwsgi_nginx.sock fd 3
uWSGI running as root, you can use --uid/--gid/--chroot options
*** WARNING: you are running uWSGI as root !!! (use the --uid flag) *** 
Python version: 3.8.2 (default, Mar 13 2020, 10:14:16)  [GCC 9.3.0]
PEP 405 virtualenv detected: /home/zurshak/venv
Set PythonHome to /home/zurshak/venv
*** Python threads support is disabled. You can enable it with --enable-threads ***
Python main interpreter initialized at 0x560932305700
uWSGI running as root, you can use --uid/--gid/--chroot options
*** WARNING: you are running uWSGI as root !!! (use the --uid flag) *** 
your server socket listen backlog is limited to 100 connections
your mercy for graceful operations on workers is 60 seconds
mapped 801944 bytes (783 KB) for 10 cores
*** Operational MODE: preforking ***
WSGI app 0 (mountpoint='') ready in 1 seconds on interpreter 0x560932305700 pid: 5758 (default app)
uWSGI running as root, you can use --uid/--gid/--chroot options
*** WARNING: you are running uWSGI as root !!! (use the --uid flag) *** 
*** uWSGI is running in multiple interpreter mode ***
spawned uWSGI master process (pid: 5758)
Sun Apr 26 22:58:28 2020 - [emperor] vassal /home/zurshak/Invest/deployment/Tinkoff_uwsgi.ini has been spawned
spawned uWSGI worker 1 (pid: 5760, cores: 1)
spawned uWSGI worker 2 (pid: 5761, cores: 1)
Sun Apr 26 22:58:28 2020 - [emperor] vassal /home/zurshak/Invest/deployment/Tinkoff_uwsgi.ini is ready to accept requests
spawned uWSGI worker 3 (pid: 5762, cores: 1)
spawned uWSGI worker 4 (pid: 5763, cores: 1)
spawned uWSGI worker 5 (pid: 5764, cores: 1)
spawned uWSGI worker 6 (pid: 5765, cores: 1)
spawned uWSGI worker 7 (pid: 5766, cores: 1)
spawned uWSGI worker 8 (pid: 5767, cores: 1)
spawned uWSGI worker 9 (pid: 5768, cores: 1)
spawned uWSGI worker 10 (pid: 5769, cores: 1)
[pid: 5769|app: 0|req: 1/1] 127.0.0.1 () {42 vars in 781 bytes} [Sun Apr 26 19:59:58 2020] GET / => generated 7404 bytes in 1014 msecs (HTTP/1.1 200) 6 headers in 319 bytes (2 switches on core 0)
announcing my loyalty to the Emperor...
Sun Apr 26 22:59:59 2020 - [emperor] vassal /home/zurshak/Invest/deployment/Tinkoff_uwsgi.ini is now loyal
[emperor] *** RAGNAROK EVOKED ***
Sun Apr 26 23:00:33 2020 - [emperor] stop the uwsgi instance /home/zurshak/Invest/deployment/Tinkoff_uwsgi.ini
Sun Apr 26 20:00:33 2020 - received message 0 from emperor
SIGINT/SIGQUIT received...killing workers...
worker 1 buried after 2 seconds
worker 2 buried after 2 seconds
worker 3 buried after 2 seconds
worker 4 buried after 2 seconds
worker 5 buried after 2 seconds
worker 6 buried after 2 seconds
worker 7 buried after 2 seconds
worker 8 buried after 2 seconds
worker 9 buried after 2 seconds
worker 10 buried after 2 seconds
goodbye to uWSGI.
VACUUM: unix socket /home/zurshak/Invest/uwsgi_nginx.sock removed.
Sun Apr 26 23:00:36 2020 - [emperor] removed uwsgi instance /home/zurshak/Invest/deployment/Tinkoff_uwsgi.ini
Sun Apr 26 23:00:37 2020 - The Emperor is buried.
*** Starting uWSGI 2.0.18 (64bit) on [Sun Apr 26 23:00:39 2020] ***
compiled with version: 9.3.0 on 26 April 2020 10:13:02
os: Linux-5.4.0-26-generic #30-Ubuntu SMP Mon Apr 20 16:58:30 UTC 2020
nodename: zurshak-server
machine: x86_64
clock source: unix
detected number of CPU cores: 2
current working directory: /
detected binary path: /usr/local/bin/uwsgi
!!! no internal routing support, rebuild with pcre support !!!
uWSGI running as root, you can use --uid/--gid/--chroot options
*** WARNING: you are running uWSGI as root !!! (use the --uid flag) *** 
*** WARNING: you are running uWSGI without its master process manager ***
your processes number limit is 13315
your memory page size is 4096 bytes
detected max file descriptor number: 1024
*** starting uWSGI Emperor ***
*** has_emperor mode detected (fd: 5) ***
[uWSGI] getting INI configuration from /home/zurshak/Invest/deployment/Tinkoff_uwsgi.ini
*** Starting uWSGI 2.0.18 (64bit) on [Sun Apr 26 23:00:39 2020] ***
compiled with version: 9.3.0 on 26 April 2020 10:13:02
os: Linux-5.4.0-26-generic #30-Ubuntu SMP Mon Apr 20 16:58:30 UTC 2020
nodename: zurshak-server
machine: x86_64
clock source: unix
detected number of CPU cores: 2
current working directory: /
detected binary path: /usr/local/bin/uwsgi
!!! no internal routing support, rebuild with pcre support !!!
uWSGI running as root, you can use --uid/--gid/--chroot options
*** WARNING: you are running uWSGI as root !!! (use the --uid flag) *** 
chdir() to /home/zurshak/Invest
your processes number limit is 13315
your memory page size is 4096 bytes
detected max file descriptor number: 1024
lock engine: pthread robust mutexes
thunder lock: disabled (you can enable it with --thunder-lock)
uwsgi socket 0 bound to UNIX address /home/zurshak/Invest/uwsgi_nginx.sock fd 3
uWSGI running as root, you can use --uid/--gid/--chroot options
*** WARNING: you are running uWSGI as root !!! (use the --uid flag) *** 
Python version: 3.8.2 (default, Mar 13 2020, 10:14:16)  [GCC 9.3.0]
PEP 405 virtualenv detected: /home/zurshak/venv
Set PythonHome to /home/zurshak/venv
*** Python threads support is disabled. You can enable it with --enable-threads ***
Python main interpreter initialized at 0x5586d015a700
uWSGI running as root, you can use --uid/--gid/--chroot options
*** WARNING: you are running uWSGI as root !!! (use the --uid flag) *** 
your server socket listen backlog is limited to 100 connections
your mercy for graceful operations on workers is 60 seconds
mapped 801944 bytes (783 KB) for 10 cores
*** Operational MODE: preforking ***
WSGI app 0 (mountpoint='') ready in 1 seconds on interpreter 0x5586d015a700 pid: 5822 (default app)
uWSGI running as root, you can use --uid/--gid/--chroot options
*** WARNING: you are running uWSGI as root !!! (use the --uid flag) *** 
*** uWSGI is running in multiple interpreter mode ***
spawned uWSGI master process (pid: 5822)
Sun Apr 26 23:00:40 2020 - [emperor] vassal /home/zurshak/Invest/deployment/Tinkoff_uwsgi.ini has been spawned
spawned uWSGI worker 1 (pid: 5825, cores: 1)
spawned uWSGI worker 2 (pid: 5826, cores: 1)
Sun Apr 26 23:00:40 2020 - [emperor] vassal /home/zurshak/Invest/deployment/Tinkoff_uwsgi.ini is ready to accept requests
spawned uWSGI worker 3 (pid: 5827, cores: 1)
spawned uWSGI worker 4 (pid: 5828, cores: 1)
spawned uWSGI worker 5 (pid: 5829, cores: 1)
spawned uWSGI worker 6 (pid: 5830, cores: 1)
spawned uWSGI worker 7 (pid: 5831, cores: 1)
spawned uWSGI worker 8 (pid: 5832, cores: 1)
spawned uWSGI worker 9 (pid: 5833, cores: 1)
spawned uWSGI worker 10 (pid: 5834, cores: 1)
[pid: 5831|app: 0|req: 1/1] 127.0.0.1 () {42 vars in 781 bytes} [Sun Apr 26 20:00:52 2020] GET / => generated 7404 bytes in 997 msecs (HTTP/1.1 200) 6 headers in 319 bytes (1 switches on core 0)
announcing my loyalty to the Emperor...
Sun Apr 26 23:00:53 2020 - [emperor] vassal /home/zurshak/Invest/deployment/Tinkoff_uwsgi.ini is now loyal
[emperor] *** RAGNAROK EVOKED ***
Sun Apr 26 23:02:11 2020 - [emperor] stop the uwsgi instance /home/zurshak/Invest/deployment/Tinkoff_uwsgi.ini
Sun Apr 26 20:02:11 2020 - received message 0 from emperor
SIGINT/SIGQUIT received...killing workers...
worker 1 buried after 2 seconds
worker 2 buried after 2 seconds
worker 3 buried after 2 seconds
worker 4 buried after 2 seconds
worker 5 buried after 2 seconds
worker 6 buried after 2 seconds
worker 7 buried after 2 seconds
worker 8 buried after 2 seconds
worker 9 buried after 2 seconds
worker 10 buried after 2 seconds
goodbye to uWSGI.
VACUUM: unix socket /home/zurshak/Invest/uwsgi_nginx.sock removed.
Sun Apr 26 23:02:14 2020 - [emperor] removed uwsgi instance /home/zurshak/Invest/deployment/Tinkoff_uwsgi.ini
Sun Apr 26 23:02:15 2020 - The Emperor is buried.
*** Starting uWSGI 2.0.18 (64bit) on [Sun Apr 26 23:05:21 2020] ***
compiled with version: 9.3.0 on 26 April 2020 10:13:02
os: Linux-5.4.0-26-generic #30-Ubuntu SMP Mon Apr 20 16:58:30 UTC 2020
nodename: zurshak-server
machine: x86_64
clock source: unix
detected number of CPU cores: 2
current working directory: /
detected binary path: /usr/local/bin/uwsgi
!!! no internal routing support, rebuild with pcre support !!!
uWSGI running as root, you can use --uid/--gid/--chroot options
*** WARNING: you are running uWSGI as root !!! (use the --uid flag) *** 
*** WARNING: you are running uWSGI without its master process manager ***
your processes number limit is 13315
your memory page size is 4096 bytes
detected max file descriptor number: 1024
*** starting uWSGI Emperor ***
*** has_emperor mode detected (fd: 5) ***
[uWSGI] getting INI configuration from /home/zurshak/Invest/deployment/Tinkoff_uwsgi.ini
*** Starting uWSGI 2.0.18 (64bit) on [Sun Apr 26 23:05:21 2020] ***
compiled with version: 9.3.0 on 26 April 2020 10:13:02
os: Linux-5.4.0-26-generic #30-Ubuntu SMP Mon Apr 20 16:58:30 UTC 2020
nodename: zurshak-server
machine: x86_64
clock source: unix
detected number of CPU cores: 2
current working directory: /
detected binary path: /usr/local/bin/uwsgi
!!! no internal routing support, rebuild with pcre support !!!
uWSGI running as root, you can use --uid/--gid/--chroot options
*** WARNING: you are running uWSGI as root !!! (use the --uid flag) *** 
chdir() to /home/zurshak/Invest
your processes number limit is 13315
your memory page size is 4096 bytes
detected max file descriptor number: 1024
lock engine: pthread robust mutexes
thunder lock: disabled (you can enable it with --thunder-lock)
uwsgi socket 0 bound to UNIX address /home/zurshak/Invest/uwsgi_nginx.sock fd 3
uWSGI running as root, you can use --uid/--gid/--chroot options
*** WARNING: you are running uWSGI as root !!! (use the --uid flag) *** 
Python version: 3.8.2 (default, Mar 13 2020, 10:14:16)  [GCC 9.3.0]
PEP 405 virtualenv detected: /home/zurshak/venv
Set PythonHome to /home/zurshak/venv
*** Python threads support is disabled. You can enable it with --enable-threads ***
Python main interpreter initialized at 0x563ea56ac700
uWSGI running as root, you can use --uid/--gid/--chroot options
*** WARNING: you are running uWSGI as root !!! (use the --uid flag) *** 
your server socket listen backlog is limited to 100 connections
your mercy for graceful operations on workers is 60 seconds
mapped 801944 bytes (783 KB) for 10 cores
*** Operational MODE: preforking ***
WSGI app 0 (mountpoint='') ready in 2 seconds on interpreter 0x563ea56ac700 pid: 5937 (default app)
uWSGI running as root, you can use --uid/--gid/--chroot options
*** WARNING: you are running uWSGI as root !!! (use the --uid flag) *** 
*** uWSGI is running in multiple interpreter mode ***
spawned uWSGI master process (pid: 5937)
Sun Apr 26 23:05:23 2020 - [emperor] vassal /home/zurshak/Invest/deployment/Tinkoff_uwsgi.ini has been spawned
spawned uWSGI worker 1 (pid: 5939, cores: 1)
spawned uWSGI worker 2 (pid: 5940, cores: 1)
spawned uWSGI worker 3 (pid: 5941, cores: 1)
spawned uWSGI worker 4 (pid: 5942, cores: 1)
spawned uWSGI worker 5 (pid: 5943, cores: 1)
spawned uWSGI worker 6 (pid: 5944, cores: 1)
spawned uWSGI worker 7 (pid: 5945, cores: 1)
Sun Apr 26 23:05:23 2020 - [emperor] vassal /home/zurshak/Invest/deployment/Tinkoff_uwsgi.ini is ready to accept requests
spawned uWSGI worker 8 (pid: 5946, cores: 1)
spawned uWSGI worker 9 (pid: 5947, cores: 1)
spawned uWSGI worker 10 (pid: 5948, cores: 1)
[pid: 5945|app: 0|req: 1/1] 127.0.0.1 () {42 vars in 781 bytes} [Sun Apr 26 20:05:24 2020] GET / => generated 7404 bytes in 979 msecs (HTTP/1.1 200) 6 headers in 319 bytes (1 switches on core 0)
announcing my loyalty to the Emperor...
Sun Apr 26 23:05:25 2020 - [emperor] vassal /home/zurshak/Invest/deployment/Tinkoff_uwsgi.ini is now loyal
[pid: 5946|app: 0|req: 1/2] 127.0.0.1 () {42 vars in 793 bytes} [Sun Apr 26 20:06:03 2020] GET /admin/ => generated 6133 bytes in 1036 msecs (HTTP/1.1 200) 7 headers in 263 bytes (2 switches on core 0)
announcing my loyalty to the Emperor...
Sun Apr 26 23:06:04 2020 - [emperor] vassal /home/zurshak/Invest/deployment/Tinkoff_uwsgi.ini is now loyal
[pid: 5946|app: 0|req: 2/3] 127.0.0.1 () {42 vars in 781 bytes} [Sun Apr 26 20:21:52 2020] GET / => generated 7404 bytes in 185 msecs (HTTP/1.1 200) 6 headers in 319 bytes (2 switches on core 0)
[pid: 5945|app: 0|req: 2/4] 127.0.0.1 () {42 vars in 793 bytes} [Sun Apr 26 20:22:00 2020] GET /admin/ => generated 6133 bytes in 372 msecs (HTTP/1.1 200) 7 headers in 263 bytes (1 switches on core 0)
[pid: 5947|app: 0|req: 1/5] 127.0.0.1 () {42 vars in 793 bytes} [Sun Apr 26 20:24:54 2020] GET /admin/ => generated 6133 bytes in 1112 msecs (HTTP/1.1 200) 7 headers in 263 bytes (2 switches on core 0)
announcing my loyalty to the Emperor...
Sun Apr 26 23:24:55 2020 - [emperor] vassal /home/zurshak/Invest/deployment/Tinkoff_uwsgi.ini is now loyal
[emperor] *** RAGNAROK EVOKED ***
Sun Apr 26 23:25:31 2020 - [emperor] stop the uwsgi instance /home/zurshak/Invest/deployment/Tinkoff_uwsgi.ini
Sun Apr 26 20:25:31 2020 - received message 0 from emperor
SIGINT/SIGQUIT received...killing workers...
worker 1 buried after 3 seconds
worker 2 buried after 3 seconds
worker 3 buried after 3 seconds
worker 4 buried after 3 seconds
worker 5 buried after 3 seconds
worker 6 buried after 3 seconds
worker 7 buried after 3 seconds
worker 8 buried after 3 seconds
worker 9 buried after 3 seconds
worker 10 buried after 3 seconds
goodbye to uWSGI.
VACUUM: unix socket /home/zurshak/Invest/uwsgi_nginx.sock removed.
Sun Apr 26 23:25:35 2020 - [emperor] removed uwsgi instance /home/zurshak/Invest/deployment/Tinkoff_uwsgi.ini
Sun Apr 26 23:25:36 2020 - The Emperor is buried.
*** Starting uWSGI 2.0.18 (64bit) on [Sun Apr 26 23:25:57 2020] ***
compiled with version: 9.3.0 on 26 April 2020 10:13:02
os: Linux-5.4.0-26-generic #30-Ubuntu SMP Mon Apr 20 16:58:30 UTC 2020
nodename: zurshak-server
machine: x86_64
clock source: unix
detected number of CPU cores: 2
current working directory: /
detected binary path: /usr/local/bin/uwsgi
!!! no internal routing support, rebuild with pcre support !!!
uWSGI running as root, you can use --uid/--gid/--chroot options
*** WARNING: you are running uWSGI as root !!! (use the --uid flag) *** 
*** WARNING: you are running uWSGI without its master process manager ***
your processes number limit is 13315
your memory page size is 4096 bytes
detected max file descriptor number: 1024
*** starting uWSGI Emperor ***
*** has_emperor mode detected (fd: 5) ***
[uWSGI] getting INI configuration from /home/zurshak/Invest/deployment/Tinkoff_uwsgi.ini
*** Starting uWSGI 2.0.18 (64bit) on [Sun Apr 26 23:25:57 2020] ***
compiled with version: 9.3.0 on 26 April 2020 10:13:02
os: Linux-5.4.0-26-generic #30-Ubuntu SMP Mon Apr 20 16:58:30 UTC 2020
nodename: zurshak-server
machine: x86_64
clock source: unix
detected number of CPU cores: 2
current working directory: /
detected binary path: /usr/local/bin/uwsgi
!!! no internal routing support, rebuild with pcre support !!!
uWSGI running as root, you can use --uid/--gid/--chroot options
*** WARNING: you are running uWSGI as root !!! (use the --uid flag) *** 
chdir() to /home/zurshak/Invest
your processes number limit is 13315
your memory page size is 4096 bytes
detected max file descriptor number: 1024
lock engine: pthread robust mutexes
thunder lock: disabled (you can enable it with --thunder-lock)
uwsgi socket 0 bound to UNIX address /home/zurshak/Invest/uwsgi_nginx.sock fd 3
uWSGI running as root, you can use --uid/--gid/--chroot options
*** WARNING: you are running uWSGI as root !!! (use the --uid flag) *** 
Python version: 3.8.2 (default, Mar 13 2020, 10:14:16)  [GCC 9.3.0]
PEP 405 virtualenv detected: /home/zurshak/venv
Set PythonHome to /home/zurshak/venv
*** Python threads support is disabled. You can enable it with --enable-threads ***
Python main interpreter initialized at 0x55f6e61e5700
uWSGI running as root, you can use --uid/--gid/--chroot options
*** WARNING: you are running uWSGI as root !!! (use the --uid flag) *** 
your server socket listen backlog is limited to 100 connections
your mercy for graceful operations on workers is 60 seconds
mapped 801944 bytes (783 KB) for 10 cores
*** Operational MODE: preforking ***
WSGI app 0 (mountpoint='') ready in 2 seconds on interpreter 0x55f6e61e5700 pid: 6707 (default app)
uWSGI running as root, you can use --uid/--gid/--chroot options
*** WARNING: you are running uWSGI as root !!! (use the --uid flag) *** 
*** uWSGI is running in multiple interpreter mode ***
spawned uWSGI master process (pid: 6707)
Sun Apr 26 23:25:59 2020 - [emperor] vassal /home/zurshak/Invest/deployment/Tinkoff_uwsgi.ini has been spawned
spawned uWSGI worker 1 (pid: 6709, cores: 1)
spawned uWSGI worker 2 (pid: 6710, cores: 1)
spawned uWSGI worker 3 (pid: 6711, cores: 1)
spawned uWSGI worker 4 (pid: 6712, cores: 1)
spawned uWSGI worker 5 (pid: 6713, cores: 1)
spawned uWSGI worker 6 (pid: 6714, cores: 1)
spawned uWSGI worker 7 (pid: 6715, cores: 1)
Sun Apr 26 23:25:59 2020 - [emperor] vassal /home/zurshak/Invest/deployment/Tinkoff_uwsgi.ini is ready to accept requests
spawned uWSGI worker 8 (pid: 6716, cores: 1)
spawned uWSGI worker 9 (pid: 6717, cores: 1)
spawned uWSGI worker 10 (pid: 6718, cores: 1)
[pid: 6710|app: 0|req: 1/1] 127.0.0.1 () {44 vars in 824 bytes} [Sun Apr 26 20:25:59 2020] GET /admin/ => generated 6133 bytes in 1110 msecs (HTTP/1.1 200) 7 headers in 263 bytes (1 switches on core 0)
announcing my loyalty to the Emperor...
Sun Apr 26 23:26:00 2020 - [emperor] vassal /home/zurshak/Invest/deployment/Tinkoff_uwsgi.ini is now loyal
[pid: 6718|app: 0|req: 1/2] 127.0.0.1 () {42 vars in 793 bytes} [Sun Apr 26 20:26:53 2020] GET /admin/ => generated 6133 bytes in 1112 msecs (HTTP/1.1 200) 7 headers in 263 bytes (2 switches on core 0)
announcing my loyalty to the Emperor...
Sun Apr 26 23:26:54 2020 - [emperor] vassal /home/zurshak/Invest/deployment/Tinkoff_uwsgi.ini is now loyal
[pid: 6713|app: 0|req: 1/3] 127.0.0.1 () {42 vars in 781 bytes} [Sun Apr 26 20:27:00 2020] GET / => generated 7417 bytes in 27013 msecs (HTTP/1.1 200) 6 headers in 319 bytes (1 switches on core 0)
announcing my loyalty to the Emperor...
Sun Apr 26 23:27:27 2020 - [emperor] vassal /home/zurshak/Invest/deployment/Tinkoff_uwsgi.ini is now loyal
[pid: 6718|app: 0|req: 2/4] 127.0.0.1 () {42 vars in 781 bytes} [Sun Apr 26 20:27:58 2020] GET / => generated 7417 bytes in 23335 msecs (HTTP/1.1 200) 6 headers in 319 bytes (2 switches on core 0)
[pid: 6713|app: 0|req: 2/5] 127.0.0.1 () {42 vars in 781 bytes} [Sun Apr 26 20:28:33 2020] GET / => generated 7417 bytes in 24398 msecs (HTTP/1.1 200) 6 headers in 319 bytes (1 switches on core 0)
[pid: 6717|app: 0|req: 1/6] 127.0.0.1 () {42 vars in 781 bytes} [Sun Apr 26 20:29:14 2020] GET / => generated 7404 bytes in 1682 msecs (HTTP/1.1 200) 6 headers in 319 bytes (2 switches on core 0)
announcing my loyalty to the Emperor...
Sun Apr 26 23:29:16 2020 - [emperor] vassal /home/zurshak/Invest/deployment/Tinkoff_uwsgi.ini is now loyal
[pid: 6715|app: 0|req: 1/7] 127.0.0.1 () {42 vars in 781 bytes} [Sun Apr 26 20:29:43 2020] GET / => generated 7417 bytes in 27124 msecs (HTTP/1.1 200) 6 headers in 319 bytes (1 switches on core 0)
announcing my loyalty to the Emperor...
Sun Apr 26 23:30:10 2020 - [emperor] vassal /home/zurshak/Invest/deployment/Tinkoff_uwsgi.ini is now loyal
[pid: 6715|app: 0|req: 2/8] 127.0.0.1 () {42 vars in 781 bytes} [Sun Apr 26 20:30:40 2020] GET / => generated 7417 bytes in 27165 msecs (HTTP/1.1 200) 6 headers in 319 bytes (2 switches on core 0)
Sun Apr 26 20:33:12 2020 - SIGPIPE: writing to a closed pipe/socket/fd (probably the client disconnected) on request / (ip 127.0.0.1) !!!
Sun Apr 26 20:33:12 2020 - uwsgi_response_writev_headers_and_body_do(): Broken pipe [core/writer.c line 306] during GET / (127.0.0.1)
OSError: write error
[pid: 6716|app: 0|req: 1/9] 127.0.0.1 () {42 vars in 781 bytes} [Sun Apr 26 20:31:31 2020] GET / => generated 0 bytes in 101252 msecs (HTTP/1.1 200) 6 headers in 0 bytes (0 switches on core 0)
announcing my loyalty to the Emperor...
Sun Apr 26 23:33:12 2020 - [emperor] vassal /home/zurshak/Invest/deployment/Tinkoff_uwsgi.ini is now loyal
[pid: 6718|app: 0|req: 3/10] 127.0.0.1 () {42 vars in 781 bytes} [Sun Apr 26 20:48:24 2020] GET / => generated 7417 bytes in 26973 msecs (HTTP/1.1 200) 6 headers in 319 bytes (2 switches on core 0)
[pid: 6717|app: 0|req: 2/11] 127.0.0.1 () {42 vars in 781 bytes} [Sun Apr 26 20:51:31 2020] GET / => generated 7404 bytes in 127 msecs (HTTP/1.1 200) 6 headers in 319 bytes (2 switches on core 0)
[pid: 6713|app: 0|req: 3/12] 127.0.0.1 () {42 vars in 781 bytes} [Sun Apr 26 20:51:37 2020] GET / => generated 7417 bytes in 24991 msecs (HTTP/1.1 200) 6 headers in 319 bytes (2 switches on core 0)
[pid: 6713|app: 0|req: 4/13] 127.0.0.1 () {42 vars in 781 bytes} [Sun Apr 26 20:53:12 2020] GET / => generated 7417 bytes in 19516 msecs (HTTP/1.1 200) 6 headers in 319 bytes (1 switches on core 0)
Not Found: /favicon.ico
Sun Apr 26 20:53:33 2020 - SIGPIPE: writing to a closed pipe/socket/fd (probably the client disconnected) on request /favicon.ico (ip 127.0.0.1) !!!
Sun Apr 26 20:53:33 2020 - uwsgi_response_writev_headers_and_body_do(): Broken pipe [core/writer.c line 306] during GET /favicon.ico (127.0.0.1)
OSError: write error
[pid: 6713|app: 0|req: 5/14] 127.0.0.1 () {40 vars in 708 bytes} [Sun Apr 26 20:53:33 2020] GET /favicon.ico => generated 0 bytes in 63 msecs (HTTP/1.1 404) 4 headers in 0 bytes (1 switches on core 0)
[emperor] *** RAGNAROK EVOKED ***
Sun Apr 26 23:54:10 2020 - [emperor] stop the uwsgi instance /home/zurshak/Invest/deployment/Tinkoff_uwsgi.ini
Sun Apr 26 20:54:10 2020 - received message 0 from emperor
SIGINT/SIGQUIT received...killing workers...
worker 1 buried after 2 seconds
worker 2 buried after 2 seconds
worker 3 buried after 2 seconds
worker 4 buried after 2 seconds
worker 6 buried after 2 seconds
worker 8 buried after 2 seconds
worker 9 buried after 2 seconds
worker 5 buried after 3 seconds
worker 7 buried after 3 seconds
worker 10 buried after 3 seconds
goodbye to uWSGI.
VACUUM: unix socket /home/zurshak/Invest/uwsgi_nginx.sock removed.
Sun Apr 26 23:54:14 2020 - [emperor] removed uwsgi instance /home/zurshak/Invest/deployment/Tinkoff_uwsgi.ini
Sun Apr 26 23:54:15 2020 - The Emperor is buried.
*** Starting uWSGI 2.0.18 (64bit) on [Mon Apr 27 20:11:08 2020] ***
compiled with version: 9.3.0 on 26 April 2020 10:13:02
os: Linux-5.4.0-26-generic #30-Ubuntu SMP Mon Apr 20 16:58:30 UTC 2020
nodename: zurshak-server
machine: x86_64
clock source: unix
detected number of CPU cores: 2
current working directory: /
detected binary path: /usr/local/bin/uwsgi
!!! no internal routing support, rebuild with pcre support !!!
uWSGI running as root, you can use --uid/--gid/--chroot options
*** WARNING: you are running uWSGI as root !!! (use the --uid flag) *** 
*** WARNING: you are running uWSGI without its master process manager ***
your processes number limit is 13315
your memory page size is 4096 bytes
detected max file descriptor number: 1024
*** starting uWSGI Emperor ***
*** has_emperor mode detected (fd: 5) ***
[uWSGI] getting INI configuration from /home/zurshak/Invest/deployment/Tinkoff_uwsgi.ini
*** Starting uWSGI 2.0.18 (64bit) on [Mon Apr 27 20:11:08 2020] ***
compiled with version: 9.3.0 on 26 April 2020 10:13:02
os: Linux-5.4.0-26-generic #30-Ubuntu SMP Mon Apr 20 16:58:30 UTC 2020
nodename: zurshak-server
machine: x86_64
clock source: unix
detected number of CPU cores: 2
current working directory: /
detected binary path: /usr/local/bin/uwsgi
!!! no internal routing support, rebuild with pcre support !!!
uWSGI running as root, you can use --uid/--gid/--chroot options
*** WARNING: you are running uWSGI as root !!! (use the --uid flag) *** 
chdir() to /home/zurshak/Invest
your processes number limit is 13315
your memory page size is 4096 bytes
detected max file descriptor number: 1024
lock engine: pthread robust mutexes
thunder lock: disabled (you can enable it with --thunder-lock)
uwsgi socket 0 bound to UNIX address /home/zurshak/Invest/uwsgi_nginx.sock fd 3
uWSGI running as root, you can use --uid/--gid/--chroot options
*** WARNING: you are running uWSGI as root !!! (use the --uid flag) *** 
Python version: 3.8.2 (default, Mar 13 2020, 10:14:16)  [GCC 9.3.0]
PEP 405 virtualenv detected: /home/zurshak/venv
Set PythonHome to /home/zurshak/venv
*** Python threads support is disabled. You can enable it with --enable-threads ***
Python main interpreter initialized at 0x56471e0e6700
uWSGI running as root, you can use --uid/--gid/--chroot options
*** WARNING: you are running uWSGI as root !!! (use the --uid flag) *** 
your server socket listen backlog is limited to 100 connections
your mercy for graceful operations on workers is 60 seconds
mapped 801944 bytes (783 KB) for 10 cores
*** Operational MODE: preforking ***
WSGI app 0 (mountpoint='') ready in 28 seconds on interpreter 0x56471e0e6700 pid: 969 (default app)
uWSGI running as root, you can use --uid/--gid/--chroot options
*** WARNING: you are running uWSGI as root !!! (use the --uid flag) *** 
*** uWSGI is running in multiple interpreter mode ***
spawned uWSGI master process (pid: 969)
Mon Apr 27 20:11:39 2020 - [emperor] vassal /home/zurshak/Invest/deployment/Tinkoff_uwsgi.ini has been spawned
spawned uWSGI worker 1 (pid: 1284, cores: 1)
spawned uWSGI worker 2 (pid: 1285, cores: 1)
Mon Apr 27 20:11:39 2020 - [emperor] vassal /home/zurshak/Invest/deployment/Tinkoff_uwsgi.ini is ready to accept requests
spawned uWSGI worker 3 (pid: 1286, cores: 1)
spawned uWSGI worker 4 (pid: 1287, cores: 1)
spawned uWSGI worker 5 (pid: 1288, cores: 1)
spawned uWSGI worker 6 (pid: 1289, cores: 1)
spawned uWSGI worker 7 (pid: 1290, cores: 1)
spawned uWSGI worker 8 (pid: 1291, cores: 1)
spawned uWSGI worker 9 (pid: 1292, cores: 1)
spawned uWSGI worker 10 (pid: 1293, cores: 1)
[pid: 1293|app: 0|req: 1/1] 127.0.0.1 () {42 vars in 781 bytes} [Mon Apr 27 17:15:32 2020] GET / => generated 7417 bytes in 21644 msecs (HTTP/1.1 200) 6 headers in 319 bytes (2 switches on core 0)
announcing my loyalty to the Emperor...
Mon Apr 27 20:15:54 2020 - [emperor] vassal /home/zurshak/Invest/deployment/Tinkoff_uwsgi.ini is now loyal
[pid: 1292|app: 0|req: 1/2] 127.0.0.1 () {42 vars in 781 bytes} [Mon Apr 27 17:19:06 2020] GET / => generated 7347 bytes in 12971 msecs (HTTP/1.1 200) 6 headers in 319 bytes (1 switches on core 0)
announcing my loyalty to the Emperor...
Mon Apr 27 20:19:18 2020 - [emperor] vassal /home/zurshak/Invest/deployment/Tinkoff_uwsgi.ini is now loyal
*** Starting uWSGI 2.0.18 (64bit) on [Wed Apr 29 13:04:18 2020] ***
compiled with version: 7.5.0 on 29 April 2020 11:18:50
os: Linux-4.15.0-55-generic #60-Ubuntu SMP Tue Jul 2 18:22:20 UTC 2019
nodename: vps
machine: x86_64
clock source: unix
detected number of CPU cores: 2
current working directory: /
detected binary path: /usr/local/bin/uwsgi
!!! no internal routing support, rebuild with pcre support !!!
uWSGI running as root, you can use --uid/--gid/--chroot options
*** WARNING: you are running uWSGI as root !!! (use the --uid flag) *** 
*** WARNING: you are running uWSGI without its master process manager ***
your processes number limit is 1749
your memory page size is 4096 bytes
detected max file descriptor number: 1024
*** starting uWSGI Emperor ***
*** has_emperor mode detected (fd: 5) ***
[uWSGI] getting INI configuration from /home/zurshak/Invest/deployment/Tinkoff_uwsgi.ini
*** Starting uWSGI 2.0.18 (64bit) on [Wed Apr 29 13:04:18 2020] ***
compiled with version: 7.5.0 on 29 April 2020 11:18:50
os: Linux-4.15.0-55-generic #60-Ubuntu SMP Tue Jul 2 18:22:20 UTC 2019
nodename: vps
machine: x86_64
clock source: unix
detected number of CPU cores: 2
current working directory: /
detected binary path: /usr/local/bin/uwsgi
!!! no internal routing support, rebuild with pcre support !!!
uWSGI running as root, you can use --uid/--gid/--chroot options
*** WARNING: you are running uWSGI as root !!! (use the --uid flag) *** 
chdir() to /home/zurshak/Invest
your processes number limit is 1749
your memory page size is 4096 bytes
detected max file descriptor number: 1024
lock engine: pthread robust mutexes
thunder lock: disabled (you can enable it with --thunder-lock)
uwsgi socket 0 bound to UNIX address /home/zurshak/Invest/uwsgi_nginx.sock fd 3
uWSGI running as root, you can use --uid/--gid/--chroot options
*** WARNING: you are running uWSGI as root !!! (use the --uid flag) *** 
Python version: 3.6.9 (default, Apr 18 2020, 01:56:04)  [GCC 8.4.0]
PEP 405 virtualenv detected: /home/zurshak/venv
Set PythonHome to /home/zurshak/venv
*** Python threads support is disabled. You can enable it with --enable-threads ***
Python main interpreter initialized at 0x5585e1fe16f0
uWSGI running as root, you can use --uid/--gid/--chroot options
*** WARNING: you are running uWSGI as root !!! (use the --uid flag) *** 
your server socket listen backlog is limited to 100 connections
your mercy for graceful operations on workers is 60 seconds
mapped 801944 bytes (783 KB) for 10 cores
*** Operational MODE: preforking ***
WSGI app 0 (mountpoint='') ready in 1 seconds on interpreter 0x5585e1fe16f0 pid: 1291 (default app)
uWSGI running as root, you can use --uid/--gid/--chroot options
*** WARNING: you are running uWSGI as root !!! (use the --uid flag) *** 
*** uWSGI is running in multiple interpreter mode ***
spawned uWSGI master process (pid: 1291)
Wed Apr 29 13:04:19 2020 - [emperor] vassal /home/zurshak/Invest/deployment/Tinkoff_uwsgi.ini has been spawned
spawned uWSGI worker 1 (pid: 1293, cores: 1)
Wed Apr 29 13:04:19 2020 - [emperor] vassal /home/zurshak/Invest/deployment/Tinkoff_uwsgi.ini is ready to accept requests
spawned uWSGI worker 2 (pid: 1294, cores: 1)
spawned uWSGI worker 3 (pid: 1295, cores: 1)
spawned uWSGI worker 4 (pid: 1296, cores: 1)
spawned uWSGI worker 5 (pid: 1297, cores: 1)
spawned uWSGI worker 6 (pid: 1298, cores: 1)
spawned uWSGI worker 7 (pid: 1299, cores: 1)
spawned uWSGI worker 8 (pid: 1300, cores: 1)
spawned uWSGI worker 9 (pid: 1301, cores: 1)
spawned uWSGI worker 10 (pid: 1302, cores: 1)
[emperor] *** RAGNAROK EVOKED ***
Wed Apr 29 13:09:59 2020 - [emperor] stop the uwsgi instance /home/zurshak/Invest/deployment/Tinkoff_uwsgi.ini
Wed Apr 29 13:09:59 2020 - received message 0 from emperor
SIGINT/SIGQUIT received...killing workers...
worker 1 buried after 3 seconds
worker 2 buried after 3 seconds
worker 3 buried after 3 seconds
worker 4 buried after 3 seconds
worker 5 buried after 3 seconds
worker 6 buried after 3 seconds
worker 7 buried after 3 seconds
worker 8 buried after 3 seconds
worker 9 buried after 3 seconds
worker 10 buried after 3 seconds
goodbye to uWSGI.
VACUUM: unix socket /home/zurshak/Invest/uwsgi_nginx.sock removed.
Wed Apr 29 13:10:03 2020 - [emperor] removed uwsgi instance /home/zurshak/Invest/deployment/Tinkoff_uwsgi.ini
Wed Apr 29 13:10:04 2020 - The Emperor is buried.
*** Starting uWSGI 2.0.18 (64bit) on [Wed Apr 29 13:10:31 2020] ***
compiled with version: 7.5.0 on 29 April 2020 11:18:50
os: Linux-4.15.0-55-generic #60-Ubuntu SMP Tue Jul 2 18:22:20 UTC 2019
nodename: vps
machine: x86_64
clock source: unix
detected number of CPU cores: 2
current working directory: /
detected binary path: /usr/local/bin/uwsgi
!!! no internal routing support, rebuild with pcre support !!!
uWSGI running as root, you can use --uid/--gid/--chroot options
*** WARNING: you are running uWSGI as root !!! (use the --uid flag) *** 
*** WARNING: you are running uWSGI without its master process manager ***
your processes number limit is 1749
your memory page size is 4096 bytes
detected max file descriptor number: 1024
*** starting uWSGI Emperor ***
*** has_emperor mode detected (fd: 5) ***
[uWSGI] getting INI configuration from /home/zurshak/Invest/deployment/Tinkoff_uwsgi.ini
*** Starting uWSGI 2.0.18 (64bit) on [Wed Apr 29 13:10:31 2020] ***
compiled with version: 7.5.0 on 29 April 2020 11:18:50
os: Linux-4.15.0-55-generic #60-Ubuntu SMP Tue Jul 2 18:22:20 UTC 2019
nodename: vps
machine: x86_64
clock source: unix
detected number of CPU cores: 2
current working directory: /
detected binary path: /usr/local/bin/uwsgi
!!! no internal routing support, rebuild with pcre support !!!
uWSGI running as root, you can use --uid/--gid/--chroot options
*** WARNING: you are running uWSGI as root !!! (use the --uid flag) *** 
chdir() to /home/zurshak/Invest
your processes number limit is 1749
your memory page size is 4096 bytes
detected max file descriptor number: 1024
lock engine: pthread robust mutexes
thunder lock: disabled (you can enable it with --thunder-lock)
uwsgi socket 0 bound to UNIX address /home/zurshak/Invest/uwsgi_nginx.sock fd 3
uWSGI running as root, you can use --uid/--gid/--chroot options
*** WARNING: you are running uWSGI as root !!! (use the --uid flag) *** 
Python version: 3.6.9 (default, Apr 18 2020, 01:56:04)  [GCC 8.4.0]
PEP 405 virtualenv detected: /home/zurshak/venv
Set PythonHome to /home/zurshak/venv
*** Python threads support is disabled. You can enable it with --enable-threads ***
Python main interpreter initialized at 0x555c701ca6f0
uWSGI running as root, you can use --uid/--gid/--chroot options
*** WARNING: you are running uWSGI as root !!! (use the --uid flag) *** 
your server socket listen backlog is limited to 100 connections
your mercy for graceful operations on workers is 60 seconds
mapped 801944 bytes (783 KB) for 10 cores
*** Operational MODE: preforking ***
WSGI app 0 (mountpoint='') ready in 1 seconds on interpreter 0x555c701ca6f0 pid: 1378 (default app)
uWSGI running as root, you can use --uid/--gid/--chroot options
*** WARNING: you are running uWSGI as root !!! (use the --uid flag) *** 
*** uWSGI is running in multiple interpreter mode ***
spawned uWSGI master process (pid: 1378)
Wed Apr 29 13:10:32 2020 - [emperor] vassal /home/zurshak/Invest/deployment/Tinkoff_uwsgi.ini has been spawned
spawned uWSGI worker 1 (pid: 1380, cores: 1)
Wed Apr 29 13:10:32 2020 - [emperor] vassal /home/zurshak/Invest/deployment/Tinkoff_uwsgi.ini is ready to accept requests
spawned uWSGI worker 2 (pid: 1381, cores: 1)
spawned uWSGI worker 3 (pid: 1382, cores: 1)
spawned uWSGI worker 4 (pid: 1383, cores: 1)
spawned uWSGI worker 5 (pid: 1384, cores: 1)
spawned uWSGI worker 6 (pid: 1385, cores: 1)
spawned uWSGI worker 7 (pid: 1386, cores: 1)
spawned uWSGI worker 8 (pid: 1387, cores: 1)
spawned uWSGI worker 9 (pid: 1388, cores: 1)
spawned uWSGI worker 10 (pid: 1389, cores: 1)
Invalid HTTP_HOST header: '84.201.138.85:8000'. You may need to add '84.201.138.85' to ALLOWED_HOSTS.
Bad Request: /
[pid: 1389|app: 0|req: 1/1] 80.92.25.3 () {40 vars in 744 bytes} [Wed Apr 29 13:10:57 2020] GET / => generated 56591 bytes in 257 msecs (HTTP/1.1 400) 2 headers in 86 bytes (1 switches on core 0)
announcing my loyalty to the Emperor...
Wed Apr 29 13:10:57 2020 - [emperor] vassal /home/zurshak/Invest/deployment/Tinkoff_uwsgi.ini is now loyal
Invalid HTTP_HOST header: '84.201.138.85:8000'. You may need to add '84.201.138.85' to ALLOWED_HOSTS.
Bad Request: /favicon.ico
[pid: 1380|app: 0|req: 1/2] 80.92.25.3 () {40 vars in 688 bytes} [Wed Apr 29 13:10:58 2020] GET /favicon.ico => generated 56645 bytes in 182 msecs (HTTP/1.1 400) 2 headers in 86 bytes (1 switches on core 0)
announcing my loyalty to the Emperor...
Wed Apr 29 13:10:58 2020 - [emperor] vassal /home/zurshak/Invest/deployment/Tinkoff_uwsgi.ini is now loyal
Invalid HTTP_HOST header: '84.201.138.85:8000'. You may need to add '84.201.138.85' to ALLOWED_HOSTS.
Bad Request: /favicon.ico
[pid: 1388|app: 0|req: 1/3] 80.92.25.3 () {40 vars in 688 bytes} [Wed Apr 29 13:11:15 2020] GET /favicon.ico => generated 56645 bytes in 223 msecs (HTTP/1.1 400) 2 headers in 86 bytes (1 switches on core 0)
announcing my loyalty to the Emperor...
Wed Apr 29 13:11:15 2020 - [emperor] vassal /home/zurshak/Invest/deployment/Tinkoff_uwsgi.ini is now loyal
Invalid HTTP_HOST header: '84.201.138.85:8000'. You may need to add '84.201.138.85' to ALLOWED_HOSTS.
Bad Request: /
[pid: 1389|app: 0|req: 2/4] 80.92.25.3 () {42 vars in 775 bytes} [Wed Apr 29 13:12:29 2020] GET / => generated 56728 bytes in 50 msecs (HTTP/1.1 400) 2 headers in 86 bytes (1 switches on core 0)
Invalid HTTP_HOST header: '84.201.138.85:8000'. You may need to add '84.201.138.85' to ALLOWED_HOSTS.
Bad Request: /favicon.ico
[pid: 1387|app: 0|req: 1/5] 80.92.25.3 () {40 vars in 688 bytes} [Wed Apr 29 13:12:30 2020] GET /favicon.ico => generated 56645 bytes in 260 msecs (HTTP/1.1 400) 2 headers in 86 bytes (1 switches on core 0)
announcing my loyalty to the Emperor...
Wed Apr 29 13:12:30 2020 - [emperor] vassal /home/zurshak/Invest/deployment/Tinkoff_uwsgi.ini is now loyal
Invalid HTTP_HOST header: '84.201.138.85:8000'. You may need to add '84.201.138.85' to ALLOWED_HOSTS.
Bad Request: /
[pid: 1386|app: 0|req: 1/6] 80.92.25.3 () {42 vars in 775 bytes} [Wed Apr 29 13:12:31 2020] GET / => generated 56728 bytes in 231 msecs (HTTP/1.1 400) 2 headers in 86 bytes (1 switches on core 0)
announcing my loyalty to the Emperor...
Wed Apr 29 13:12:31 2020 - [emperor] vassal /home/zurshak/Invest/deployment/Tinkoff_uwsgi.ini is now loyal
Invalid HTTP_HOST header: '84.201.138.85:8000'. You may need to add '84.201.138.85' to ALLOWED_HOSTS.
Bad Request: /favicon.ico
[pid: 1380|app: 0|req: 2/7] 80.92.25.3 () {40 vars in 688 bytes} [Wed Apr 29 13:12:32 2020] GET /favicon.ico => generated 56645 bytes in 49 msecs (HTTP/1.1 400) 2 headers in 86 bytes (1 switches on core 0)
Invalid HTTP_HOST header: '84.201.138.85:8000'. You may need to add '84.201.138.85' to ALLOWED_HOSTS.
Bad Request: /
[pid: 1388|app: 0|req: 2/8] 80.92.25.3 () {42 vars in 775 bytes} [Wed Apr 29 13:12:32 2020] GET / => generated 56728 bytes in 49 msecs (HTTP/1.1 400) 2 headers in 86 bytes (1 switches on core 0)
Invalid HTTP_HOST header: '84.201.138.85:8000'. You may need to add '84.201.138.85' to ALLOWED_HOSTS.
Bad Request: /favicon.ico
[pid: 1389|app: 0|req: 3/9] 80.92.25.3 () {40 vars in 688 bytes} [Wed Apr 29 13:12:33 2020] GET /favicon.ico => generated 56645 bytes in 63 msecs (HTTP/1.1 400) 2 headers in 86 bytes (1 switches on core 0)
[emperor] *** RAGNAROK EVOKED ***
Wed Apr 29 13:12:56 2020 - [emperor] stop the uwsgi instance /home/zurshak/Invest/deployment/Tinkoff_uwsgi.ini
Wed Apr 29 13:12:56 2020 - received message 0 from emperor
SIGINT/SIGQUIT received...killing workers...
worker 1 buried after 3 seconds
worker 2 buried after 3 seconds
worker 3 buried after 3 seconds
worker 4 buried after 3 seconds
worker 5 buried after 3 seconds
worker 6 buried after 3 seconds
worker 7 buried after 3 seconds
worker 8 buried after 3 seconds
worker 9 buried after 3 seconds
worker 10 buried after 3 seconds
goodbye to uWSGI.
VACUUM: unix socket /home/zurshak/Invest/uwsgi_nginx.sock removed.
Wed Apr 29 13:13:00 2020 - [emperor] removed uwsgi instance /home/zurshak/Invest/deployment/Tinkoff_uwsgi.ini
Wed Apr 29 13:13:01 2020 - The Emperor is buried.
*** Starting uWSGI 2.0.18 (64bit) on [Wed Apr 29 13:13:16 2020] ***
compiled with version: 7.5.0 on 29 April 2020 11:18:50
os: Linux-4.15.0-55-generic #60-Ubuntu SMP Tue Jul 2 18:22:20 UTC 2019
nodename: vps
machine: x86_64
clock source: unix
detected number of CPU cores: 2
current working directory: /
detected binary path: /usr/local/bin/uwsgi
!!! no internal routing support, rebuild with pcre support !!!
uWSGI running as root, you can use --uid/--gid/--chroot options
*** WARNING: you are running uWSGI as root !!! (use the --uid flag) *** 
*** WARNING: you are running uWSGI without its master process manager ***
your processes number limit is 1749
your memory page size is 4096 bytes
detected max file descriptor number: 1024
*** starting uWSGI Emperor ***
*** has_emperor mode detected (fd: 5) ***
[uWSGI] getting INI configuration from /home/zurshak/Invest/deployment/Tinkoff_uwsgi.ini
*** Starting uWSGI 2.0.18 (64bit) on [Wed Apr 29 13:13:16 2020] ***
compiled with version: 7.5.0 on 29 April 2020 11:18:50
os: Linux-4.15.0-55-generic #60-Ubuntu SMP Tue Jul 2 18:22:20 UTC 2019
nodename: vps
machine: x86_64
clock source: unix
detected number of CPU cores: 2
current working directory: /
detected binary path: /usr/local/bin/uwsgi
!!! no internal routing support, rebuild with pcre support !!!
uWSGI running as root, you can use --uid/--gid/--chroot options
*** WARNING: you are running uWSGI as root !!! (use the --uid flag) *** 
chdir() to /home/zurshak/Invest
your processes number limit is 1749
your memory page size is 4096 bytes
detected max file descriptor number: 1024
lock engine: pthread robust mutexes
thunder lock: disabled (you can enable it with --thunder-lock)
uwsgi socket 0 bound to UNIX address /home/zurshak/Invest/uwsgi_nginx.sock fd 3
uWSGI running as root, you can use --uid/--gid/--chroot options
*** WARNING: you are running uWSGI as root !!! (use the --uid flag) *** 
Python version: 3.6.9 (default, Apr 18 2020, 01:56:04)  [GCC 8.4.0]
PEP 405 virtualenv detected: /home/zurshak/venv
Set PythonHome to /home/zurshak/venv
*** Python threads support is disabled. You can enable it with --enable-threads ***
Python main interpreter initialized at 0x55ff160456f0
uWSGI running as root, you can use --uid/--gid/--chroot options
*** WARNING: you are running uWSGI as root !!! (use the --uid flag) *** 
your server socket listen backlog is limited to 100 connections
your mercy for graceful operations on workers is 60 seconds
mapped 801944 bytes (783 KB) for 10 cores
*** Operational MODE: preforking ***
WSGI app 0 (mountpoint='') ready in 1 seconds on interpreter 0x55ff160456f0 pid: 1453 (default app)
uWSGI running as root, you can use --uid/--gid/--chroot options
*** WARNING: you are running uWSGI as root !!! (use the --uid flag) *** 
*** uWSGI is running in multiple interpreter mode ***
spawned uWSGI master process (pid: 1453)
Wed Apr 29 13:13:17 2020 - [emperor] vassal /home/zurshak/Invest/deployment/Tinkoff_uwsgi.ini has been spawned
spawned uWSGI worker 1 (pid: 1455, cores: 1)
Wed Apr 29 13:13:17 2020 - [emperor] vassal /home/zurshak/Invest/deployment/Tinkoff_uwsgi.ini is ready to accept requests
spawned uWSGI worker 2 (pid: 1456, cores: 1)
spawned uWSGI worker 3 (pid: 1457, cores: 1)
spawned uWSGI worker 4 (pid: 1458, cores: 1)
spawned uWSGI worker 5 (pid: 1459, cores: 1)
spawned uWSGI worker 6 (pid: 1460, cores: 1)
spawned uWSGI worker 7 (pid: 1461, cores: 1)
spawned uWSGI worker 8 (pid: 1462, cores: 1)
spawned uWSGI worker 9 (pid: 1463, cores: 1)
spawned uWSGI worker 10 (pid: 1464, cores: 1)
Invalid HTTP_HOST header: '84.201.138.85:8000'. You may need to add '84.201.138.85' to ALLOWED_HOSTS.
Bad Request: /
[pid: 1460|app: 0|req: 1/1] 80.92.25.3 () {42 vars in 773 bytes} [Wed Apr 29 13:13:23 2020] GET / => generated 56726 bytes in 198 msecs (HTTP/1.1 400) 2 headers in 86 bytes (1 switches on core 0)
announcing my loyalty to the Emperor...
Wed Apr 29 13:13:23 2020 - [emperor] vassal /home/zurshak/Invest/deployment/Tinkoff_uwsgi.ini is now loyal
Invalid HTTP_HOST header: '84.201.138.85:8000'. You may need to add '84.201.138.85' to ALLOWED_HOSTS.
Bad Request: /favicon.ico
[pid: 1464|app: 0|req: 1/2] 80.92.25.3 () {40 vars in 686 bytes} [Wed Apr 29 13:13:23 2020] GET /favicon.ico => generated 56643 bytes in 144 msecs (HTTP/1.1 400) 2 headers in 86 bytes (1 switches on core 0)
announcing my loyalty to the Emperor...
Wed Apr 29 13:13:23 2020 - [emperor] vassal /home/zurshak/Invest/deployment/Tinkoff_uwsgi.ini is now loyal
Invalid HTTP_HOST header: '84.201.138.85:8000'. You may need to add '84.201.138.85' to ALLOWED_HOSTS.
Bad Request: /
[pid: 1464|app: 0|req: 2/3] 80.92.25.3 () {42 vars in 773 bytes} [Wed Apr 29 13:13:24 2020] GET / => generated 56726 bytes in 35 msecs (HTTP/1.1 400) 2 headers in 86 bytes (1 switches on core 0)
Invalid HTTP_HOST header: '84.201.138.85:8000'. You may need to add '84.201.138.85' to ALLOWED_HOSTS.
Bad Request: /favicon.ico
[pid: 1464|app: 0|req: 3/4] 80.92.25.3 () {40 vars in 686 bytes} [Wed Apr 29 13:13:24 2020] GET /favicon.ico => generated 56643 bytes in 39 msecs (HTTP/1.1 400) 2 headers in 86 bytes (1 switches on core 0)
Invalid HTTP_HOST header: '84.201.138.85:8000'. You may need to add '84.201.138.85' to ALLOWED_HOSTS.
Bad Request: /
[pid: 1464|app: 0|req: 4/5] 80.92.25.3 () {42 vars in 773 bytes} [Wed Apr 29 13:15:44 2020] GET / => generated 56726 bytes in 37 msecs (HTTP/1.1 400) 2 headers in 86 bytes (1 switches on core 0)
Invalid HTTP_HOST header: '84.201.138.85:8000'. You may need to add '84.201.138.85' to ALLOWED_HOSTS.
Bad Request: /favicon.ico
[pid: 1464|app: 0|req: 5/6] 80.92.25.3 () {40 vars in 686 bytes} [Wed Apr 29 13:15:44 2020] GET /favicon.ico => generated 56643 bytes in 37 msecs (HTTP/1.1 400) 2 headers in 86 bytes (1 switches on core 0)
Invalid HTTP_HOST header: '84.201.138.85:8000'. You may need to add '84.201.138.85' to ALLOWED_HOSTS.
Bad Request: /
[pid: 1464|app: 0|req: 6/7] 80.92.25.3 () {42 vars in 773 bytes} [Wed Apr 29 13:15:45 2020] GET / => generated 56726 bytes in 49 msecs (HTTP/1.1 400) 2 headers in 86 bytes (1 switches on core 0)
Invalid HTTP_HOST header: '84.201.138.85:8000'. You may need to add '84.201.138.85' to ALLOWED_HOSTS.
Bad Request: /favicon.ico
[pid: 1464|app: 0|req: 7/8] 80.92.25.3 () {40 vars in 686 bytes} [Wed Apr 29 13:15:45 2020] GET /favicon.ico => generated 56643 bytes in 57 msecs (HTTP/1.1 400) 2 headers in 86 bytes (1 switches on core 0)
Invalid HTTP_HOST header: '84.201.138.85:8000'. You may need to add '84.201.138.85' to ALLOWED_HOSTS.
Bad Request: /
[pid: 1464|app: 0|req: 8/9] 80.92.25.3 () {42 vars in 773 bytes} [Wed Apr 29 13:15:46 2020] GET / => generated 56726 bytes in 45 msecs (HTTP/1.1 400) 2 headers in 86 bytes (1 switches on core 0)
Invalid HTTP_HOST header: '84.201.138.85:8000'. You may need to add '84.201.138.85' to ALLOWED_HOSTS.
Bad Request: /favicon.ico
[pid: 1464|app: 0|req: 9/10] 80.92.25.3 () {40 vars in 686 bytes} [Wed Apr 29 13:15:46 2020] GET /favicon.ico => generated 56643 bytes in 46 msecs (HTTP/1.1 400) 2 headers in 86 bytes (1 switches on core 0)
[emperor] *** RAGNAROK EVOKED ***
Wed Apr 29 13:16:02 2020 - [emperor] stop the uwsgi instance /home/zurshak/Invest/deployment/Tinkoff_uwsgi.ini
Wed Apr 29 13:16:02 2020 - received message 0 from emperor
SIGINT/SIGQUIT received...killing workers...
worker 1 buried after 3 seconds
worker 2 buried after 3 seconds
worker 3 buried after 3 seconds
worker 4 buried after 3 seconds
worker 5 buried after 3 seconds
worker 6 buried after 3 seconds
worker 7 buried after 3 seconds
worker 8 buried after 3 seconds
worker 9 buried after 3 seconds
worker 10 buried after 3 seconds
goodbye to uWSGI.
VACUUM: unix socket /home/zurshak/Invest/uwsgi_nginx.sock removed.
Wed Apr 29 13:16:06 2020 - [emperor] removed uwsgi instance /home/zurshak/Invest/deployment/Tinkoff_uwsgi.ini
Wed Apr 29 13:16:07 2020 - The Emperor is buried.
*** Starting uWSGI 2.0.18 (64bit) on [Wed Apr 29 13:16:23 2020] ***
compiled with version: 7.5.0 on 29 April 2020 11:18:50
os: Linux-4.15.0-55-generic #60-Ubuntu SMP Tue Jul 2 18:22:20 UTC 2019
nodename: vps
machine: x86_64
clock source: unix
detected number of CPU cores: 2
current working directory: /
detected binary path: /usr/local/bin/uwsgi
!!! no internal routing support, rebuild with pcre support !!!
uWSGI running as root, you can use --uid/--gid/--chroot options
*** WARNING: you are running uWSGI as root !!! (use the --uid flag) *** 
*** WARNING: you are running uWSGI without its master process manager ***
your processes number limit is 1749
your memory page size is 4096 bytes
detected max file descriptor number: 1024
*** starting uWSGI Emperor ***
*** has_emperor mode detected (fd: 5) ***
[uWSGI] getting INI configuration from /home/zurshak/Invest/deployment/Tinkoff_uwsgi.ini
*** Starting uWSGI 2.0.18 (64bit) on [Wed Apr 29 13:16:23 2020] ***
compiled with version: 7.5.0 on 29 April 2020 11:18:50
os: Linux-4.15.0-55-generic #60-Ubuntu SMP Tue Jul 2 18:22:20 UTC 2019
nodename: vps
machine: x86_64
clock source: unix
detected number of CPU cores: 2
current working directory: /
detected binary path: /usr/local/bin/uwsgi
!!! no internal routing support, rebuild with pcre support !!!
uWSGI running as root, you can use --uid/--gid/--chroot options
*** WARNING: you are running uWSGI as root !!! (use the --uid flag) *** 
chdir() to /home/zurshak/Invest
your processes number limit is 1749
your memory page size is 4096 bytes
detected max file descriptor number: 1024
lock engine: pthread robust mutexes
thunder lock: disabled (you can enable it with --thunder-lock)
uwsgi socket 0 bound to UNIX address /home/zurshak/Invest/uwsgi_nginx.sock fd 3
uWSGI running as root, you can use --uid/--gid/--chroot options
*** WARNING: you are running uWSGI as root !!! (use the --uid flag) *** 
Python version: 3.6.9 (default, Apr 18 2020, 01:56:04)  [GCC 8.4.0]
PEP 405 virtualenv detected: /home/zurshak/venv
Set PythonHome to /home/zurshak/venv
*** Python threads support is disabled. You can enable it with --enable-threads ***
Python main interpreter initialized at 0x564b2d7176f0
uWSGI running as root, you can use --uid/--gid/--chroot options
*** WARNING: you are running uWSGI as root !!! (use the --uid flag) *** 
your server socket listen backlog is limited to 100 connections
your mercy for graceful operations on workers is 60 seconds
mapped 801944 bytes (783 KB) for 10 cores
*** Operational MODE: preforking ***
WSGI app 0 (mountpoint='') ready in 1 seconds on interpreter 0x564b2d7176f0 pid: 1529 (default app)
uWSGI running as root, you can use --uid/--gid/--chroot options
*** WARNING: you are running uWSGI as root !!! (use the --uid flag) *** 
*** uWSGI is running in multiple interpreter mode ***
spawned uWSGI master process (pid: 1529)
Wed Apr 29 13:16:24 2020 - [emperor] vassal /home/zurshak/Invest/deployment/Tinkoff_uwsgi.ini has been spawned
spawned uWSGI worker 1 (pid: 1531, cores: 1)
Wed Apr 29 13:16:24 2020 - [emperor] vassal /home/zurshak/Invest/deployment/Tinkoff_uwsgi.ini is ready to accept requests
spawned uWSGI worker 2 (pid: 1532, cores: 1)
spawned uWSGI worker 3 (pid: 1533, cores: 1)
spawned uWSGI worker 4 (pid: 1534, cores: 1)
spawned uWSGI worker 5 (pid: 1535, cores: 1)
spawned uWSGI worker 6 (pid: 1536, cores: 1)
spawned uWSGI worker 7 (pid: 1537, cores: 1)
spawned uWSGI worker 8 (pid: 1538, cores: 1)
spawned uWSGI worker 9 (pid: 1539, cores: 1)
spawned uWSGI worker 10 (pid: 1540, cores: 1)
Internal Server Error: /
Traceback (most recent call last):
  File "/home/zurshak/venv/lib/python3.6/site-packages/django/core/handlers/exception.py", line 34, in inner
    response = get_response(request)
  File "/home/zurshak/venv/lib/python3.6/site-packages/django/core/handlers/base.py", line 100, in _get_response
    resolver_match = resolver.resolve(request.path_info)
  File "/home/zurshak/venv/lib/python3.6/site-packages/django/urls/resolvers.py", line 544, in resolve
    for pattern in self.url_patterns:
  File "/home/zurshak/venv/lib/python3.6/site-packages/django/utils/functional.py", line 48, in __get__
    res = instance.__dict__[self.name] = self.func(instance)
  File "/home/zurshak/venv/lib/python3.6/site-packages/django/urls/resolvers.py", line 588, in url_patterns
    patterns = getattr(self.urlconf_module, "urlpatterns", self.urlconf_module)
  File "/home/zurshak/venv/lib/python3.6/site-packages/django/utils/functional.py", line 48, in __get__
    res = instance.__dict__[self.name] = self.func(instance)
  File "/home/zurshak/venv/lib/python3.6/site-packages/django/urls/resolvers.py", line 581, in urlconf_module
    return import_module(self.urlconf_name)
  File "/usr/lib/python3.6/importlib/__init__.py", line 126, in import_module
    return _bootstrap._gcd_import(name[level:], package, level)
  File "<frozen importlib._bootstrap>", line 994, in _gcd_import
  File "<frozen importlib._bootstrap>", line 971, in _find_and_load
  File "<frozen importlib._bootstrap>", line 955, in _find_and_load_unlocked
  File "<frozen importlib._bootstrap>", line 665, in _load_unlocked
  File "<frozen importlib._bootstrap_external>", line 678, in exec_module
  File "<frozen importlib._bootstrap>", line 219, in _call_with_frames_removed
  File "./Tinkoff/urls.py", line 6, in <module>
    path('', include('invest.urls')),
  File "/home/zurshak/venv/lib/python3.6/site-packages/django/urls/conf.py", line 34, in include
    urlconf_module = import_module(urlconf_module)
  File "/usr/lib/python3.6/importlib/__init__.py", line 126, in import_module
    return _bootstrap._gcd_import(name[level:], package, level)
  File "<frozen importlib._bootstrap>", line 994, in _gcd_import
  File "<frozen importlib._bootstrap>", line 971, in _find_and_load
  File "<frozen importlib._bootstrap>", line 955, in _find_and_load_unlocked
  File "<frozen importlib._bootstrap>", line 665, in _load_unlocked
  File "<frozen importlib._bootstrap_external>", line 678, in exec_module
  File "<frozen importlib._bootstrap>", line 219, in _call_with_frames_removed
  File "./invest/urls.py", line 2, in <module>
    from .import views
  File "./invest/views.py", line 1, in <module>
    import requests
ModuleNotFoundError: No module named 'requests'
[pid: 1540|app: 0|req: 1/1] 80.92.25.3 () {42 vars in 773 bytes} [Wed Apr 29 13:16:27 2020] GET / => generated 145351 bytes in 580 msecs (HTTP/1.1 500) 5 headers in 157 bytes (1 switches on core 0)
announcing my loyalty to the Emperor...
Wed Apr 29 13:16:28 2020 - [emperor] vassal /home/zurshak/Invest/deployment/Tinkoff_uwsgi.ini is now loyal
Internal Server Error: /favicon.ico
Traceback (most recent call last):
  File "/home/zurshak/venv/lib/python3.6/site-packages/django/core/handlers/exception.py", line 34, in inner
    response = get_response(request)
  File "/home/zurshak/venv/lib/python3.6/site-packages/django/utils/deprecation.py", line 93, in __call__
    response = self.process_request(request)
  File "/home/zurshak/venv/lib/python3.6/site-packages/django/middleware/common.py", line 53, in process_request
    if self.should_redirect_with_slash(request):
  File "/home/zurshak/venv/lib/python3.6/site-packages/django/middleware/common.py", line 71, in should_redirect_with_slash
    not is_valid_path(request.path_info, urlconf) and
  File "/home/zurshak/venv/lib/python3.6/site-packages/django/urls/base.py", line 154, in is_valid_path
    resolve(path, urlconf)
  File "/home/zurshak/venv/lib/python3.6/site-packages/django/urls/base.py", line 25, in resolve
    return get_resolver(urlconf).resolve(path)
  File "/home/zurshak/venv/lib/python3.6/site-packages/django/urls/resolvers.py", line 544, in resolve
    for pattern in self.url_patterns:
  File "/home/zurshak/venv/lib/python3.6/site-packages/django/utils/functional.py", line 48, in __get__
    res = instance.__dict__[self.name] = self.func(instance)
  File "/home/zurshak/venv/lib/python3.6/site-packages/django/urls/resolvers.py", line 588, in url_patterns
    patterns = getattr(self.urlconf_module, "urlpatterns", self.urlconf_module)
  File "/home/zurshak/venv/lib/python3.6/site-packages/django/utils/functional.py", line 48, in __get__
    res = instance.__dict__[self.name] = self.func(instance)
  File "/home/zurshak/venv/lib/python3.6/site-packages/django/urls/resolvers.py", line 581, in urlconf_module
    return import_module(self.urlconf_name)
  File "/usr/lib/python3.6/importlib/__init__.py", line 126, in import_module
    return _bootstrap._gcd_import(name[level:], package, level)
  File "<frozen importlib._bootstrap>", line 994, in _gcd_import
  File "<frozen importlib._bootstrap>", line 971, in _find_and_load
  File "<frozen importlib._bootstrap>", line 955, in _find_and_load_unlocked
  File "<frozen importlib._bootstrap>", line 665, in _load_unlocked
  File "<frozen importlib._bootstrap_external>", line 678, in exec_module
  File "<frozen importlib._bootstrap>", line 219, in _call_with_frames_removed
  File "./Tinkoff/urls.py", line 6, in <module>
    path('', include('invest.urls')),
  File "/home/zurshak/venv/lib/python3.6/site-packages/django/urls/conf.py", line 34, in include
    urlconf_module = import_module(urlconf_module)
  File "/usr/lib/python3.6/importlib/__init__.py", line 126, in import_module
    return _bootstrap._gcd_import(name[level:], package, level)
  File "<frozen importlib._bootstrap>", line 994, in _gcd_import
  File "<frozen importlib._bootstrap>", line 971, in _find_and_load
  File "<frozen importlib._bootstrap>", line 955, in _find_and_load_unlocked
  File "<frozen importlib._bootstrap>", line 665, in _load_unlocked
  File "<frozen importlib._bootstrap_external>", line 678, in exec_module
  File "<frozen importlib._bootstrap>", line 219, in _call_with_frames_removed
  File "./invest/urls.py", line 2, in <module>
    from .import views
  File "./invest/views.py", line 1, in <module>
    import requests
ModuleNotFoundError: No module named 'requests'
[pid: 1540|app: 0|req: 2/2] 80.92.25.3 () {40 vars in 686 bytes} [Wed Apr 29 13:16:28 2020] GET /favicon.ico => generated 161202 bytes in 108 msecs (HTTP/1.1 500) 2 headers in 96 bytes (1 switches on core 0)
Internal Server Error: /
Traceback (most recent call last):
  File "/home/zurshak/venv/lib/python3.6/site-packages/django/core/handlers/exception.py", line 34, in inner
    response = get_response(request)
  File "/home/zurshak/venv/lib/python3.6/site-packages/django/core/handlers/base.py", line 100, in _get_response
    resolver_match = resolver.resolve(request.path_info)
  File "/home/zurshak/venv/lib/python3.6/site-packages/django/urls/resolvers.py", line 544, in resolve
    for pattern in self.url_patterns:
  File "/home/zurshak/venv/lib/python3.6/site-packages/django/utils/functional.py", line 48, in __get__
    res = instance.__dict__[self.name] = self.func(instance)
  File "/home/zurshak/venv/lib/python3.6/site-packages/django/urls/resolvers.py", line 588, in url_patterns
    patterns = getattr(self.urlconf_module, "urlpatterns", self.urlconf_module)
  File "/home/zurshak/venv/lib/python3.6/site-packages/django/utils/functional.py", line 48, in __get__
    res = instance.__dict__[self.name] = self.func(instance)
  File "/home/zurshak/venv/lib/python3.6/site-packages/django/urls/resolvers.py", line 581, in urlconf_module
    return import_module(self.urlconf_name)
  File "/usr/lib/python3.6/importlib/__init__.py", line 126, in import_module
    return _bootstrap._gcd_import(name[level:], package, level)
  File "<frozen importlib._bootstrap>", line 994, in _gcd_import
  File "<frozen importlib._bootstrap>", line 971, in _find_and_load
  File "<frozen importlib._bootstrap>", line 955, in _find_and_load_unlocked
  File "<frozen importlib._bootstrap>", line 665, in _load_unlocked
  File "<frozen importlib._bootstrap_external>", line 678, in exec_module
  File "<frozen importlib._bootstrap>", line 219, in _call_with_frames_removed
  File "./Tinkoff/urls.py", line 6, in <module>
    path('', include('invest.urls')),
  File "/home/zurshak/venv/lib/python3.6/site-packages/django/urls/conf.py", line 34, in include
    urlconf_module = import_module(urlconf_module)
  File "/usr/lib/python3.6/importlib/__init__.py", line 126, in import_module
    return _bootstrap._gcd_import(name[level:], package, level)
  File "<frozen importlib._bootstrap>", line 994, in _gcd_import
  File "<frozen importlib._bootstrap>", line 971, in _find_and_load
  File "<frozen importlib._bootstrap>", line 955, in _find_and_load_unlocked
  File "<frozen importlib._bootstrap>", line 665, in _load_unlocked
  File "<frozen importlib._bootstrap_external>", line 678, in exec_module
  File "<frozen importlib._bootstrap>", line 219, in _call_with_frames_removed
  File "./invest/urls.py", line 2, in <module>
    from .import views
  File "./invest/views.py", line 2, in <module>
    from bs4 import BeautifulSoup
ModuleNotFoundError: No module named 'bs4'
[pid: 1539|app: 0|req: 1/3] 80.92.25.3 () {42 vars in 773 bytes} [Wed Apr 29 13:18:44 2020] GET / => generated 145887 bytes in 391 msecs (HTTP/1.1 500) 5 headers in 157 bytes (1 switches on core 0)
announcing my loyalty to the Emperor...
Wed Apr 29 13:18:44 2020 - [emperor] vassal /home/zurshak/Invest/deployment/Tinkoff_uwsgi.ini is now loyal
Internal Server Error: /favicon.ico
Traceback (most recent call last):
  File "/home/zurshak/venv/lib/python3.6/site-packages/django/core/handlers/exception.py", line 34, in inner
    response = get_response(request)
  File "/home/zurshak/venv/lib/python3.6/site-packages/django/utils/deprecation.py", line 93, in __call__
    response = self.process_request(request)
  File "/home/zurshak/venv/lib/python3.6/site-packages/django/middleware/common.py", line 53, in process_request
    if self.should_redirect_with_slash(request):
  File "/home/zurshak/venv/lib/python3.6/site-packages/django/middleware/common.py", line 71, in should_redirect_with_slash
    not is_valid_path(request.path_info, urlconf) and
  File "/home/zurshak/venv/lib/python3.6/site-packages/django/urls/base.py", line 154, in is_valid_path
    resolve(path, urlconf)
  File "/home/zurshak/venv/lib/python3.6/site-packages/django/urls/base.py", line 25, in resolve
    return get_resolver(urlconf).resolve(path)
  File "/home/zurshak/venv/lib/python3.6/site-packages/django/urls/resolvers.py", line 544, in resolve
    for pattern in self.url_patterns:
  File "/home/zurshak/venv/lib/python3.6/site-packages/django/utils/functional.py", line 48, in __get__
    res = instance.__dict__[self.name] = self.func(instance)
  File "/home/zurshak/venv/lib/python3.6/site-packages/django/urls/resolvers.py", line 588, in url_patterns
    patterns = getattr(self.urlconf_module, "urlpatterns", self.urlconf_module)
  File "/home/zurshak/venv/lib/python3.6/site-packages/django/utils/functional.py", line 48, in __get__
    res = instance.__dict__[self.name] = self.func(instance)
  File "/home/zurshak/venv/lib/python3.6/site-packages/django/urls/resolvers.py", line 581, in urlconf_module
    return import_module(self.urlconf_name)
  File "/usr/lib/python3.6/importlib/__init__.py", line 126, in import_module
    return _bootstrap._gcd_import(name[level:], package, level)
  File "<frozen importlib._bootstrap>", line 994, in _gcd_import
  File "<frozen importlib._bootstrap>", line 971, in _find_and_load
  File "<frozen importlib._bootstrap>", line 955, in _find_and_load_unlocked
  File "<frozen importlib._bootstrap>", line 665, in _load_unlocked
  File "<frozen importlib._bootstrap_external>", line 678, in exec_module
  File "<frozen importlib._bootstrap>", line 219, in _call_with_frames_removed
  File "./Tinkoff/urls.py", line 6, in <module>
    path('', include('invest.urls')),
  File "/home/zurshak/venv/lib/python3.6/site-packages/django/urls/conf.py", line 34, in include
    urlconf_module = import_module(urlconf_module)
  File "/usr/lib/python3.6/importlib/__init__.py", line 126, in import_module
    return _bootstrap._gcd_import(name[level:], package, level)
  File "<frozen importlib._bootstrap>", line 994, in _gcd_import
  File "<frozen importlib._bootstrap>", line 971, in _find_and_load
  File "<frozen importlib._bootstrap>", line 955, in _find_and_load_unlocked
  File "<frozen importlib._bootstrap>", line 665, in _load_unlocked
  File "<frozen importlib._bootstrap_external>", line 678, in exec_module
  File "<frozen importlib._bootstrap>", line 219, in _call_with_frames_removed
  File "./invest/urls.py", line 2, in <module>
    from .import views
  File "./invest/views.py", line 2, in <module>
    from bs4 import BeautifulSoup
ModuleNotFoundError: No module named 'bs4'
[pid: 1540|app: 0|req: 3/4] 80.92.25.3 () {40 vars in 686 bytes} [Wed Apr 29 13:18:45 2020] GET /favicon.ico => generated 161738 bytes in 255 msecs (HTTP/1.1 500) 2 headers in 96 bytes (1 switches on core 0)
[pid: 1540|app: 0|req: 4/5] 80.92.25.3 () {42 vars in 773 bytes} [Wed Apr 29 13:19:18 2020] GET / => generated 7355 bytes in 6964 msecs (HTTP/1.1 200) 6 headers in 319 bytes (1 switches on core 0)
Not Found: /favicon.ico
[pid: 1539|app: 0|req: 2/6] 80.92.25.3 () {42 vars in 775 bytes} [Wed Apr 29 13:19:25 2020] GET /favicon.ico => generated 2124 bytes in 184 msecs (HTTP/1.1 404) 4 headers in 129 bytes (1 switches on core 0)
[pid: 1537|app: 0|req: 1/7] 80.92.25.3 () {44 vars in 862 bytes} [Wed Apr 29 13:24:41 2020] GET / => generated 7355 bytes in 6302 msecs (HTTP/1.1 200) 6 headers in 319 bytes (1 switches on core 0)
announcing my loyalty to the Emperor...
Wed Apr 29 13:24:47 2020 - [emperor] vassal /home/zurshak/Invest/deployment/Tinkoff_uwsgi.ini is now loyal
[pid: 1540|app: 0|req: 5/8] 80.92.25.3 () {44 vars in 862 bytes} [Wed Apr 29 13:26:26 2020] GET / => generated 7355 bytes in 6208 msecs (HTTP/1.1 200) 6 headers in 319 bytes (1 switches on core 0)
[pid: 1540|app: 0|req: 6/9] 80.92.25.3 () {44 vars in 862 bytes} [Wed Apr 29 13:28:41 2020] GET / => generated 7355 bytes in 6407 msecs (HTTP/1.1 200) 6 headers in 319 bytes (1 switches on core 0)
[pid: 1540|app: 0|req: 7/10] 80.92.25.3 () {40 vars in 742 bytes} [Wed Apr 29 13:37:06 2020] GET / => generated 7355 bytes in 10257 msecs (HTTP/1.1 200) 6 headers in 319 bytes (1 switches on core 0)
[pid: 1540|app: 0|req: 8/11] 80.92.25.3 () {42 vars in 841 bytes} [Wed Apr 29 13:40:04 2020] GET /admin => generated 0 bytes in 4 msecs (HTTP/1.1 301) 4 headers in 145 bytes (1 switches on core 0)
[pid: 1540|app: 0|req: 9/12] 80.92.25.3 () {42 vars in 843 bytes} [Wed Apr 29 13:40:04 2020] GET /admin/ => generated 0 bytes in 126 msecs (HTTP/1.1 302) 8 headers in 301 bytes (1 switches on core 0)
[pid: 1540|app: 0|req: 10/13] 80.92.25.3 () {42 vars in 880 bytes} [Wed Apr 29 13:40:04 2020] GET /admin/login/?next=/admin/ => generated 1913 bytes in 544 msecs (HTTP/1.1 200) 8 headers in 431 bytes (1 switches on core 0)
[pid: 1538|app: 0|req: 1/14] 80.92.25.3 () {52 vars in 1135 bytes} [Wed Apr 29 13:40:19 2020] POST /admin/login/?next=/admin/ => generated 2076 bytes in 449 msecs (HTTP/1.1 200) 8 headers in 431 bytes (1 switches on core 0)
announcing my loyalty to the Emperor...
Wed Apr 29 13:40:20 2020 - [emperor] vassal /home/zurshak/Invest/deployment/Tinkoff_uwsgi.ini is now loyal
[pid: 1540|app: 0|req: 11/15] 80.92.25.3 () {52 vars in 1135 bytes} [Wed Apr 29 13:40:31 2020] POST /admin/login/?next=/admin/ => generated 0 bytes in 278 msecs (HTTP/1.1 302) 10 headers in 595 bytes (2 switches on core 0)
[pid: 1535|app: 0|req: 1/16] 80.92.25.3 () {46 vars in 985 bytes} [Wed Apr 29 13:40:31 2020] GET /admin/ => generated 6133 bytes in 568 msecs (HTTP/1.1 200) 7 headers in 263 bytes (1 switches on core 0)
announcing my loyalty to the Emperor...
Wed Apr 29 13:40:31 2020 - [emperor] vassal /home/zurshak/Invest/deployment/Tinkoff_uwsgi.ini is now loyal
[emperor] *** RAGNAROK EVOKED ***
Wed Apr 29 13:42:42 2020 - [emperor] stop the uwsgi instance /home/zurshak/Invest/deployment/Tinkoff_uwsgi.ini
Wed Apr 29 13:42:42 2020 - received message 0 from emperor
SIGINT/SIGQUIT received...killing workers...
worker 1 buried after 2 seconds
worker 2 buried after 2 seconds
worker 3 buried after 2 seconds
worker 4 buried after 2 seconds
worker 5 buried after 2 seconds
worker 6 buried after 2 seconds
worker 7 buried after 2 seconds
worker 8 buried after 2 seconds
worker 9 buried after 2 seconds
worker 10 buried after 2 seconds
goodbye to uWSGI.
VACUUM: unix socket /home/zurshak/Invest/uwsgi_nginx.sock removed.
Wed Apr 29 13:42:45 2020 - [emperor] removed uwsgi instance /home/zurshak/Invest/deployment/Tinkoff_uwsgi.ini
Wed Apr 29 13:42:46 2020 - The Emperor is buried.
*** Starting uWSGI 2.0.18 (64bit) on [Wed Apr 29 13:43:10 2020] ***
compiled with version: 7.5.0 on 29 April 2020 11:18:50
os: Linux-4.15.0-55-generic #60-Ubuntu SMP Tue Jul 2 18:22:20 UTC 2019
nodename: vps
machine: x86_64
clock source: unix
detected number of CPU cores: 2
current working directory: /
detected binary path: /usr/local/bin/uwsgi
!!! no internal routing support, rebuild with pcre support !!!
uWSGI running as root, you can use --uid/--gid/--chroot options
*** WARNING: you are running uWSGI as root !!! (use the --uid flag) *** 
*** WARNING: you are running uWSGI without its master process manager ***
your processes number limit is 1749
your memory page size is 4096 bytes
detected max file descriptor number: 1024
*** starting uWSGI Emperor ***
*** has_emperor mode detected (fd: 5) ***
[uWSGI] getting INI configuration from /home/zurshak/Invest/deployment/Tinkoff_uwsgi.ini
*** Starting uWSGI 2.0.18 (64bit) on [Wed Apr 29 13:43:10 2020] ***
compiled with version: 7.5.0 on 29 April 2020 11:18:50
os: Linux-4.15.0-55-generic #60-Ubuntu SMP Tue Jul 2 18:22:20 UTC 2019
nodename: vps
machine: x86_64
clock source: unix
detected number of CPU cores: 2
current working directory: /
detected binary path: /usr/local/bin/uwsgi
!!! no internal routing support, rebuild with pcre support !!!
uWSGI running as root, you can use --uid/--gid/--chroot options
*** WARNING: you are running uWSGI as root !!! (use the --uid flag) *** 
chdir() to /home/zurshak/Invest
your processes number limit is 1749
your memory page size is 4096 bytes
detected max file descriptor number: 1024
lock engine: pthread robust mutexes
thunder lock: disabled (you can enable it with --thunder-lock)
uwsgi socket 0 bound to UNIX address /home/zurshak/Invest/uwsgi_nginx.sock fd 3
uWSGI running as root, you can use --uid/--gid/--chroot options
*** WARNING: you are running uWSGI as root !!! (use the --uid flag) *** 
Python version: 3.6.9 (default, Apr 18 2020, 01:56:04)  [GCC 8.4.0]
PEP 405 virtualenv detected: /home/zurshak/venv
Set PythonHome to /home/zurshak/venv
*** Python threads support is disabled. You can enable it with --enable-threads ***
Python main interpreter initialized at 0x55fdc096b6f0
uWSGI running as root, you can use --uid/--gid/--chroot options
*** WARNING: you are running uWSGI as root !!! (use the --uid flag) *** 
your server socket listen backlog is limited to 100 connections
your mercy for graceful operations on workers is 60 seconds
mapped 801944 bytes (783 KB) for 10 cores
*** Operational MODE: preforking ***
WSGI app 0 (mountpoint='') ready in 6 seconds on interpreter 0x55fdc096b6f0 pid: 1762 (default app)
uWSGI running as root, you can use --uid/--gid/--chroot options
*** WARNING: you are running uWSGI as root !!! (use the --uid flag) *** 
*** uWSGI is running in multiple interpreter mode ***
spawned uWSGI master process (pid: 1762)
Wed Apr 29 13:43:16 2020 - [emperor] vassal /home/zurshak/Invest/deployment/Tinkoff_uwsgi.ini has been spawned
spawned uWSGI worker 1 (pid: 1764, cores: 1)
spawned uWSGI worker 2 (pid: 1765, cores: 1)
Wed Apr 29 13:43:16 2020 - [emperor] vassal /home/zurshak/Invest/deployment/Tinkoff_uwsgi.ini is ready to accept requests
spawned uWSGI worker 3 (pid: 1766, cores: 1)
spawned uWSGI worker 4 (pid: 1767, cores: 1)
spawned uWSGI worker 5 (pid: 1768, cores: 1)
spawned uWSGI worker 6 (pid: 1769, cores: 1)
spawned uWSGI worker 7 (pid: 1770, cores: 1)
spawned uWSGI worker 8 (pid: 1771, cores: 1)
spawned uWSGI worker 9 (pid: 1772, cores: 1)
spawned uWSGI worker 10 (pid: 1773, cores: 1)
[pid: 1773|app: 0|req: 1/1] 80.92.25.3 () {46 vars in 963 bytes} [Wed Apr 29 13:43:16 2020] GET / => generated 7355 bytes in 6729 msecs (HTTP/1.1 200) 6 headers in 319 bytes (1 switches on core 0)
announcing my loyalty to the Emperor...
Wed Apr 29 13:43:23 2020 - [emperor] vassal /home/zurshak/Invest/deployment/Tinkoff_uwsgi.ini is now loyal
[pid: 1772|app: 0|req: 1/2] 213.87.132.196 () {40 vars in 671 bytes} [Wed Apr 29 13:48:32 2020] GET / => generated 7351 bytes in 23379 msecs (HTTP/1.1 200) 6 headers in 319 bytes (1 switches on core 0)
announcing my loyalty to the Emperor...
Wed Apr 29 13:48:55 2020 - [emperor] vassal /home/zurshak/Invest/deployment/Tinkoff_uwsgi.ini is now loyal
